<?xml version="1.0" encoding="UTF-8"?>
<testng-results skipped="0" failed="0" total="2" passed="2">
  <reporter-output>
  </reporter-output>
  <suite name="Suite" duration-ms="73101" started-at="2018-06-30T07:04:35Z" finished-at="2018-06-30T07:05:48Z">
    <groups>
    </groups>
    <test name="Test" duration-ms="73101" started-at="2018-06-30T07:04:35Z" finished-at="2018-06-30T07:05:48Z">
      <class name="package1.JenkinsExample">
        <test-method status="PASS" signature="openapp()[pri:0, instance:package1.JenkinsExample@483bf400]" name="openapp" duration-ms="41293" started-at="2018-06-30T00:04:35Z" finished-at="2018-06-30T00:05:16Z">
          <reporter-output>
          </reporter-output>
        </test-method> <!-- openapp -->
        <test-method status="PASS" signature="openapp1()[pri:0, instance:package1.JenkinsExample@483bf400]" name="openapp1" duration-ms="31796" started-at="2018-06-30T00:05:16Z" finished-at="2018-06-30T00:05:48Z">
          <reporter-output>
          </reporter-output>
        </test-method> <!-- openapp1 -->
      </class> <!-- package1.JenkinsExample -->
    </test> <!-- Test -->
  </suite> <!-- Suite -->
</testng-results>
