<?xml version="1.0" encoding="UTF-8"?>
<testng-results skipped="0" failed="0" total="1" passed="1">
  <reporter-output>
  </reporter-output>
  <suite name="Default suite" duration-ms="10072" started-at="2018-06-09T20:15:23Z" finished-at="2018-06-09T20:15:33Z">
    <groups>
    </groups>
    <test name="Default test" duration-ms="10072" started-at="2018-06-09T20:15:23Z" finished-at="2018-06-09T20:15:33Z">
      <class name="captureScreenShort.CaptureScreenShort">
        <test-method status="PASS" signature="takescreeshotfb()[pri:0, instance:captureScreenShort.CaptureScreenShort@2344fc66]" name="takescreeshotfb" duration-ms="10055" started-at="2018-06-09T13:15:23Z" finished-at="2018-06-09T13:15:33Z">
          <reporter-output>
          </reporter-output>
        </test-method> <!-- takescreeshotfb -->
      </class> <!-- captureScreenShort.CaptureScreenShort -->
    </test> <!-- Default test -->
  </suite> <!-- Default suite -->
</testng-results>
