<?xml version="1.0" encoding="UTF-8"?>
<testng-results skipped="0" failed="0" total="2" passed="2">
  <reporter-output>
  </reporter-output>
  <suite name="Suite" duration-ms="65381" started-at="2018-07-19T07:20:13Z" finished-at="2018-07-19T07:21:18Z">
    <groups>
    </groups>
    <test name="Test" duration-ms="65381" started-at="2018-07-19T07:20:13Z" finished-at="2018-07-19T07:21:18Z">
      <class name="package1.JenkinsExample">
        <test-method status="PASS" signature="openapp()[pri:0, instance:package1.JenkinsExample@21a06946]" name="openapp" duration-ms="43130" started-at="2018-07-19T00:20:13Z" finished-at="2018-07-19T00:20:56Z">
          <reporter-output>
          </reporter-output>
        </test-method> <!-- openapp -->
        <test-method status="PASS" signature="openapp1()[pri:0, instance:package1.JenkinsExample@21a06946]" name="openapp1" duration-ms="22240" started-at="2018-07-19T00:20:56Z" finished-at="2018-07-19T00:21:18Z">
          <reporter-output>
          </reporter-output>
        </test-method> <!-- openapp1 -->
      </class> <!-- package1.JenkinsExample -->
    </test> <!-- Test -->
  </suite> <!-- Suite -->
</testng-results>
