<?xml version="1.0" encoding="UTF-8"?>
<!-- Generated by org.testng.reporters.JUnitXMLReporter -->
<testsuite hostname="rajusingh-PC" name="OrangHrm Admin Login" tests="1" failures="1" timestamp="14 Jul 2018 06:34:41 GMT" time="26.14" errors="0">
  <testcase name="Admin_login" time="26.11" classname="TestScripts.TC1_OrangHrmAdminlogin">
    <failure type="java.lang.NullPointerException">
      <![CDATA[java.lang.NullPointerException
	at java.io.FileOutputStream.<init>(Unknown Source)
	at java.io.FileOutputStream.<init>(Unknown Source)
	at ExcelMethod.ExcelMethods.setCellData(ExcelMethods.java:35)
	at TestScripts.TC1_OrangHrmAdminlogin.Admin_login(TC1_OrangHrmAdminlogin.java:49)
... Removed 24 stack frames]]>
    </failure>
  </testcase> <!-- Admin_login -->
</testsuite> <!-- OrangHrm Admin Login -->
