<?xml version="1.0" encoding="UTF-8"?>
<testng-results skipped="0" failed="0" total="1" passed="1">
  <reporter-output>
  </reporter-output>
  <suite name="Default suite" duration-ms="60296" started-at="2018-06-25T14:30:02Z" finished-at="2018-06-25T14:31:02Z">
    <groups>
    </groups>
    <test name="Default test" duration-ms="60296" started-at="2018-06-25T14:30:02Z" finished-at="2018-06-25T14:31:02Z">
      <class name="amazon.AmazonImplimentation">
        <test-method status="PASS" signature="amazon()[pri:0, instance:amazon.AmazonImplimentation@2344fc66]" name="amazon" duration-ms="60244" started-at="2018-06-25T07:30:02Z" finished-at="2018-06-25T07:31:02Z">
          <reporter-output>
          </reporter-output>
        </test-method> <!-- amazon -->
      </class> <!-- amazon.AmazonImplimentation -->
    </test> <!-- Default test -->
  </suite> <!-- Default suite -->
</testng-results>
