<?xml version="1.0" encoding="UTF-8"?>
<testng-results skipped="0" failed="0" total="1" passed="1">
  <reporter-output>
  </reporter-output>
  <suite name="Default suite" duration-ms="40191" started-at="2018-06-24T11:26:04Z" finished-at="2018-06-24T11:26:44Z">
    <groups>
    </groups>
    <test name="Default test" duration-ms="40191" started-at="2018-06-24T11:26:04Z" finished-at="2018-06-24T11:26:44Z">
      <class name="TestScripts.TC_ResetOFNewbranch">
        <test-method status="PASS" signature="ResetOFNewbranch()[pri:0, instance:TestScripts.TC_ResetOFNewbranch@6ea12c19]" name="ResetOFNewbranch" duration-ms="40151" started-at="2018-06-24T04:26:04Z" finished-at="2018-06-24T04:26:44Z">
          <reporter-output>
          </reporter-output>
        </test-method> <!-- ResetOFNewbranch -->
      </class> <!-- TestScripts.TC_ResetOFNewbranch -->
    </test> <!-- Default test -->
  </suite> <!-- Default suite -->
</testng-results>
