<?xml version="1.0" encoding="UTF-8"?>
<testng-results skipped="0" failed="0" total="1" passed="1">
  <reporter-output>
  </reporter-output>
  <suite name="Default suite" duration-ms="34185" started-at="2018-06-08T10:21:38Z" finished-at="2018-06-08T10:22:12Z">
    <groups>
    </groups>
    <test name="Default test" duration-ms="34185" started-at="2018-06-08T10:21:38Z" finished-at="2018-06-08T10:22:12Z">
      <class name="mavenprojectofselenium.MavenProject.TC1">
        <test-method status="PASS" signature="OpenFB()[pri:0, instance:mavenprojectofselenium.MavenProject.TC1@548b7f67]" name="OpenFB" duration-ms="34171" started-at="2018-06-08T03:21:38Z" finished-at="2018-06-08T03:22:12Z">
          <reporter-output>
          </reporter-output>
        </test-method> <!-- OpenFB -->
      </class> <!-- mavenprojectofselenium.MavenProject.TC1 -->
    </test> <!-- Default test -->
  </suite> <!-- Default suite -->
</testng-results>
