<?xml version="1.0" encoding="UTF-8"?>
<testng-results skipped="0" failed="0" ignored="0" total="1" passed="1">
  <reporter-output>
  </reporter-output>
  <suite name="Default suite" duration-ms="27547" started-at="2018-07-19T07:24:49Z" finished-at="2018-07-19T07:25:17Z">
    <groups>
    </groups>
    <test name="Default test" duration-ms="27547" started-at="2018-07-19T07:24:49Z" finished-at="2018-07-19T07:25:17Z">
      <class name="gridexample.GridExample">
        <test-method status="PASS" signature="setup()[pri:0, instance:gridexample.GridExample@7c16905e]" name="setup" is-config="true" duration-ms="7153" started-at="2018-07-19T07:24:49Z" finished-at="2018-07-19T07:24:56Z">
          <reporter-output>
          </reporter-output>
        </test-method> <!-- setup -->
        <test-method status="PASS" signature="ApplicationAccess()[pri:0, instance:gridexample.GridExample@7c16905e]" name="ApplicationAccess" duration-ms="19746" started-at="2018-07-19T07:24:56Z" finished-at="2018-07-19T07:25:16Z">
          <reporter-output>
          </reporter-output>
        </test-method> <!-- ApplicationAccess -->
        <test-method status="PASS" signature="closeapp()[pri:0, instance:gridexample.GridExample@7c16905e]" name="closeapp" is-config="true" duration-ms="630" started-at="2018-07-19T07:25:16Z" finished-at="2018-07-19T07:25:17Z">
          <reporter-output>
          </reporter-output>
        </test-method> <!-- closeapp -->
      </class> <!-- gridexample.GridExample -->
    </test> <!-- Default test -->
  </suite> <!-- Default suite -->
</testng-results>
